<?xml version="1.0" encoding="UTF-8"?>
<testng-results ignored="0" total="1" passed="1" failed="0" skipped="0">
  <reporter-output>
    <line>
      <![CDATA[Login attempt with username: rajvarma@gmail.com]]>
    </line>
    <line>
      <![CDATA[Screenshot taken and saved at: C:\Users\LENOVO\eclipse-workspace\lavatech\src\AutomationQA\framework\Screenshot\loginPage_20240904_203940.png]]>
    </line>
    <line>
      <![CDATA[Screenshot taken and saved at: C:\Users\LENOVO\eclipse-workspace\lavatech\src\AutomationQA\framework\Screenshot\logoutPage_20240904_204001.png]]>
    </line>
  </reporter-output>
  <suite started-at="2024-09-04T20:38:53 IST" name="Default suite" finished-at="2024-09-04T20:40:04 IST" duration-ms="70373">
    <groups>
    </groups>
    <test started-at="2024-09-04T20:38:53 IST" name="Default test" finished-at="2024-09-04T20:40:04 IST" duration-ms="70373">
      <class name="learnautomation.testcases.HomePage">
        <test-method is-config="true" signature="setUp()[pri:0, instance:learnautomation.testcases.HomePage@3f053c80]" started-at="2024-09-04T20:38:53 IST" name="setUp" finished-at="2024-09-04T20:39:05 IST" duration-ms="11713" status="PASS">
          <reporter-output>
          </reporter-output>
        </test-method> <!-- setUp -->
        <test-method signature="testLogin()[pri:0, instance:learnautomation.testcases.HomePage@3f053c80]" started-at="2024-09-04T20:39:05 IST" name="testLogin" finished-at="2024-09-04T20:40:01 IST" duration-ms="56399" status="PASS">
          <reporter-output>
            <line>
              <![CDATA[Login attempt with username: rajvarma@gmail.com]]>
            </line>
            <line>
              <![CDATA[Screenshot taken and saved at: C:\Users\LENOVO\eclipse-workspace\lavatech\src\AutomationQA\framework\Screenshot\loginPage_20240904_203940.png]]>
            </line>
            <line>
              <![CDATA[Screenshot taken and saved at: C:\Users\LENOVO\eclipse-workspace\lavatech\src\AutomationQA\framework\Screenshot\logoutPage_20240904_204001.png]]>
            </line>
          </reporter-output>
        </test-method> <!-- testLogin -->
        <test-method is-config="true" signature="tearDown()[pri:0, instance:learnautomation.testcases.HomePage@3f053c80]" started-at="2024-09-04T20:40:01 IST" name="tearDown" finished-at="2024-09-04T20:40:04 IST" duration-ms="2180" status="PASS">
          <reporter-output>
          </reporter-output>
        </test-method> <!-- tearDown -->
      </class> <!-- learnautomation.testcases.HomePage -->
    </test> <!-- Default test -->
  </suite> <!-- Default suite -->
</testng-results>
